\BOOKMARK [1][-]{section.1}{\376\377\000F\000i\000r\000s\000t\000\040\000S\000u\000n\000d\000a\000y\000\040\000i\000n\000\040\000A\000d\000v\000e\000n\000t\000:\000\040\000T\000h\000e\000\040\000Y\000e\000a\000r\000\040\000o\000f\000\040\000t\000h\000e\000\040\000L\000o\000r\000d\000'\000s\000\040\000F\000a\000v\000o\000r}{}% 1
\BOOKMARK [1][-]{section.2}{\376\377\000S\000e\000c\000o\000n\000d\000\040\000S\000u\000n\000d\000a\000y\000\040\000i\000n\000\040\000A\000d\000v\000e\000n\000t\000:\000\040\000T\000h\000e\000\040\000K\000i\000n\000g\000d\000o\000m\000\040\000o\000f\000\040\000G\000o\000d\000\040\000C\000o\000m\000e\000s}{}% 2
\BOOKMARK [1][-]{section.3}{\376\377\000T\000h\000i\000r\000d\000\040\000S\000u\000n\000d\000a\000y\000\040\000o\000f\000\040\000A\000d\000v\000e\000n\000t\000:\000\040\000T\000h\000e\000\040\000W\000a\000y\000\040\000o\000f\000\040\000t\000h\000e\000\040\000L\000o\000r\000d}{}% 3
\BOOKMARK [1][-]{section.4}{\376\377\000F\000o\000u\000r\000t\000h\000\040\000S\000u\000n\000d\000a\000y\000\040\000i\000n\000\040\000A\000d\000v\000e\000n\000t\000:\000\040\000F\000o\000u\000r\000\040\000W\000i\000t\000n\000e\000s\000s\000e\000s}{}% 4
\BOOKMARK [1][-]{section.5}{\376\377\000F\000i\000r\000s\000t\000\040\000D\000a\000y\000\040\000o\000f\000\040\000C\000h\000r\000i\000s\000t\000m\000a\000s\000:\000\040\000A\000\040\000G\000r\000e\000a\000t\000\040\000J\000o\000y}{}% 5
\BOOKMARK [1][-]{section.6}{\376\377\000S\000e\000c\000o\000n\000d\000\040\000D\000a\000y\000\040\000o\000f\000\040\000C\000h\000r\000i\000s\000t\000m\000a\000s\000:\000\040\000T\000h\000e\000\040\000P\000a\000i\000n\000\040\000o\000f\000\040\000C\000h\000r\000i\000s\000t\000m\000a\000s\000\040\000a\000n\000d\000\040\000t\000h\000e\000\040\000J\000o\000y\000\040\000o\000f\000\040\000C\000h\000r\000i\000s\000t\000m\000a\000s}{}% 6
\BOOKMARK [1][-]{section.7}{\376\377\000S\000u\000n\000d\000a\000y\000\040\000a\000f\000t\000e\000r\000\040\000C\000h\000r\000i\000s\000t\000m\000a\000s\000:\000\040\000T\000h\000e\000\040\000F\000u\000l\000f\000i\000l\000l\000m\000e\000n\000t\000\040\000o\000f\000\040\000t\000h\000e\000\040\000P\000r\000o\000m\000i\000s\000e\000s}{}% 7
\BOOKMARK [1][-]{section.8}{\376\377\000N\000e\000w\000\040\000Y\000e\000a\000r\040\031\000s\000\040\000D\000a\000y\000:\000\040\000A\000n\000d\000\040\000s\000o\000\040\000t\000h\000i\000s\000\040\000y\000e\000a\000r\000\040\000a\000s\000\040\000w\000e\000l\000l}{}% 8
\BOOKMARK [1][-]{section.9}{\376\377\000S\000u\000n\000d\000a\000y\000\040\000a\000f\000t\000e\000r\000\040\000N\000e\000w\000\040\000Y\000e\000a\000r\000:\000\040\000A\000\040\000T\000r\000e\000a\000s\000u\000r\000e\000\040\000i\000n\000\040\000H\000e\000a\000v\000e\000n}{}% 9
\BOOKMARK [1][-]{section.10}{\376\377\000E\000p\000i\000p\000h\000a\000n\000y\000:\000\040\000N\000o\000t\000\040\000b\000y\000\040\000m\000i\000g\000h\000t\000\040\000a\000n\000d\000\040\000n\000o\000t\000\040\000b\000y\000\040\000p\000o\000w\000e\000r\000,\000\040\000b\000u\000t\000\040\000b\000y\000\040\000m\000y\000\040\000S\000p\000i\000r\000i\000t}{}% 10
\BOOKMARK [1][-]{section.11}{\376\377\000F\000i\000r\000s\000t\000\040\000S\000u\000n\000d\000a\000y\000\040\000a\000f\000t\000e\000r\000\040\000E\000p\000i\000p\000h\000a\000n\000y\000:\000\040\000L\000e\000t\000\040\000t\000h\000e\000\040\000l\000i\000t\000t\000l\000e\000\040\000c\000h\000i\000l\000d\000r\000e\000n\000\040\000c\000o\000m\000e\000\040\000t\000o\000\040\000m\000e}{}% 11
\BOOKMARK [1][-]{section.12}{\376\377\000S\000e\000c\000o\000n\000d\000\040\000S\000u\000n\000d\000a\000y\000\040\000a\000f\000t\000e\000r\000\040\000E\000p\000i\000p\000h\000a\000n\000y\000:\000\040\000Z\000a\000c\000c\000h\000a\000e\000u\000s}{}% 12
\BOOKMARK [1][-]{section.13}{\376\377\000T\000h\000i\000r\000d\000\040\000S\000u\000n\000d\000a\000y\000\040\000a\000f\000t\000e\000r\000\040\000E\000p\000i\000p\000h\000a\000n\000y\000:\000\040\000A\000\040\000T\000e\000a\000c\000h\000i\000n\000g\000\040\000w\000i\000t\000h\000\040\000A\000u\000t\000h\000o\000r\000i\000t\000y}{}% 13
\BOOKMARK [1][-]{section.14}{\376\377\000F\000o\000u\000r\000t\000h\000\040\000S\000u\000n\000d\000a\000y\000\040\000a\000f\000t\000e\000r\000\040\000E\000p\000i\000p\000h\000a\000n\000y\000:\000\040\000I\000n\000\040\000F\000a\000i\000t\000h\000\040\000a\000n\000d\000\040\000i\000n\000\040\000D\000o\000u\000b\000t}{}% 14
\BOOKMARK [1][-]{section.15}{\376\377\000F\000i\000f\000t\000h\000\040\000S\000u\000n\000d\000a\000y\000\040\000a\000f\000t\000e\000r\000\040\000E\000p\000i\000p\000h\000a\000n\000y\000:\000\040\000T\000h\000e\000\040\000S\000e\000e\000d\000\040\000t\000h\000a\000t\000\040\000G\000r\000o\000w\000s}{}% 15
\BOOKMARK [1][-]{section.16}{\376\377\000S\000i\000x\000t\000h\000\040\000S\000u\000n\000d\000a\000y\000\040\000a\000f\000t\000e\000r\000\040\000E\000p\000i\000p\000h\000a\000n\000y\000:\000\040\000F\000r\000o\000m\000\040\000T\000a\000b\000o\000r\000\040\000t\000o\000\040\000G\000o\000l\000g\000o\000t\000h\000a}{}% 16
\BOOKMARK [1][-]{section.17}{\376\377\000S\000e\000p\000t\000u\000a\000g\000e\000s\000i\000m\000a\000\040\000S\000u\000n\000d\000a\000y\000:\000\040\000T\000a\000l\000e\000n\000t\000s\000\040\000a\000n\000d\000\040\000I\000n\000t\000e\000r\000e\000s\000t}{}% 17
\BOOKMARK [1][-]{section.18}{\376\377\000S\000u\000n\000d\000a\000y\000\040\000S\000e\000x\000a\000g\000e\000s\000i\000m\000a\000:\000\040\000T\000h\000e\000\040\000H\000a\000r\000v\000e\000s\000t\000\040\000a\000n\000d\000\040\000t\000h\000e\000\040\000L\000a\000b\000o\000r\000e\000r\000s}{}% 18
\BOOKMARK [1][-]{section.19}{\376\377\000Q\000u\000i\000n\000q\000u\000a\000g\000e\000s\000i\000m\000a\000\040\000S\000u\000n\000d\000a\000y\000:\000\040\000G\000o\000d\040\031\000s\000\040\000L\000a\000m\000b\000\040\040\024\000\040\000G\000o\000d\040\031\000s\000\040\000S\000o\000n}{}% 19
\BOOKMARK [1][-]{section.20}{\376\377\000F\000i\000r\000s\000t\000\040\000S\000u\000n\000d\000a\000y\000\040\000i\000n\000\040\000L\000e\000n\000t\000:\000\040\000O\000v\000e\000r\000c\000o\000m\000i\000n\000g\000\040\000t\000h\000e\000\040\000D\000e\000v\000i\000l}{}% 20
\BOOKMARK [1][-]{section.21}{\376\377\000S\000e\000c\000o\000n\000d\000\040\000S\000u\000n\000d\000a\000y\000\040\000i\000n\000\040\000L\000e\000n\000t\000:\000\040\000F\000a\000t\000h\000e\000r\000\040\000a\000n\000d\000\040\000S\000o\000n}{}% 21
\BOOKMARK [1][-]{section.22}{\376\377\000T\000h\000i\000r\000d\000\040\000S\000u\000n\000d\000a\000y\000\040\000i\000n\000\040\000L\000e\000n\000t\000:\000\040\000A\000\040\000M\000a\000n\000\040\000w\000i\000t\000h\000\040\000a\000n\000\040\000U\000n\000c\000l\000e\000a\000n\000\040\000S\000p\000i\000r\000i\000t\000\040\000i\000n\000\040\000t\000h\000e\000\040\000S\000y\000n\000a\000g\000o\000g\000u\000e}{}% 22
\BOOKMARK [1][-]{section.23}{\376\377\000M\000i\000d\000-\000L\000e\000n\000t\000\040\000S\000u\000n\000d\000a\000y\000:\000\040\000L\000i\000f\000e\000\040\000f\000r\000o\000m\000\040\000G\000o\000d\040\031\000s\000\040\000L\000i\000f\000e}{}% 23
\BOOKMARK [1][-]{section.24}{\376\377\000M\000a\000r\000y\040\031\000s\000\040\000A\000n\000n\000u\000n\000c\000i\000a\000t\000i\000o\000n\000\040\000D\000a\000y\000:\000\040\000T\000h\000e\000\040\000W\000o\000n\000d\000e\000r\000f\000u\000l\000\040\000W\000a\000y\000s\000\040\000o\000f\000\040\000G\000o\000d}{}% 24
\BOOKMARK [1][-]{section.25}{\376\377\000P\000a\000l\000m\000\040\000S\000u\000n\000d\000a\000y\000:\000\040\000T\000h\000e\000\040\000G\000r\000a\000i\000n\000\040\000o\000f\000\040\000W\000h\000e\000a\000t}{}% 25
\BOOKMARK [1][-]{section.26}{\376\377\000M\000a\000u\000n\000d\000y\000\040\000T\000h\000u\000r\000s\000d\000a\000y\000:\000\040\000T\000h\000e\000\040\000E\000x\000a\000m\000p\000l\000e\000\040\000o\000f\000\040\000H\000u\000m\000i\000l\000i\000t\000y}{}% 26
\BOOKMARK [1][-]{section.27}{\376\377\000G\000o\000o\000d\000\040\000F\000r\000i\000d\000a\000y\000:\000\040\000Y\000o\000u\000r\000\040\000H\000o\000u\000r\000\040\000a\000n\000d\000\040\000t\000h\000e\000\040\000P\000o\000w\000e\000r\000\040\000o\000f\000\040\000D\000a\000r\000k\000n\000e\000s\000s}{}% 27
\BOOKMARK [1][-]{section.28}{\376\377\000F\000i\000r\000s\000t\000\040\000D\000a\000y\000\040\000o\000f\000\040\000E\000a\000s\000t\000e\000r\000:\000\040\000F\000e\000a\000r\000\040\000a\000n\000d\000\040\000J\000o\000y}{}% 28
\BOOKMARK [1][-]{section.29}{\376\377\000S\000e\000c\000o\000n\000d\000\040\000D\000a\000y\000\040\000o\000f\000\040\000E\000a\000s\000t\000e\000r\000:\000\040\000F\000a\000i\000t\000h\000\040\000o\000r\000\040\000H\000a\000r\000d\000e\000n\000i\000n\000g}{}% 29
\BOOKMARK [1][-]{section.30}{\376\377\000F\000i\000r\000s\000t\000\040\000S\000u\000n\000d\000a\000y\000\040\000a\000f\000t\000e\000r\000\040\000E\000a\000s\000t\000e\000r\000:\000\040\000T\000h\000e\000\040\000R\000i\000s\000e\000n\000\040\000J\000e\000s\000u\000s}{}% 30
\BOOKMARK [1][-]{section.31}{\376\377\000\040\000*\000*\000*\000I\000n\000\040\000p\000r\000o\000g\000r\000e\000s\000s\000*\000*\000*\000\040}{}% 31
\BOOKMARK [1][-]{section.32}{\376\377\000T\000w\000e\000n\000t\000y\000-\000f\000o\000u\000r\000t\000h\000\040\000S\000u\000n\000d\000a\000y\000\040\000a\000f\000t\000e\000r\000\040\000T\000r\000i\000n\000i\000t\000y\000:\000\040\000T\000h\000e\000y\000\040\000k\000n\000e\000w\000\040\000n\000e\000i\000t\000h\000e\000r\000\040\000t\000h\000e\000\040\000S\000c\000r\000i\000p\000t\000u\000r\000e\000s\000\040\000n\000o\000r\000\040\000t\000h\000e\000\040\000p\000o\000w\000e\000r\000\040\000o\000f\000\040\000G\000o\000d\000.}{}% 32
\BOOKMARK [1][-]{section.33}{\376\377\000\040\000*\000*\000*\000I\000n\000\040\000p\000r\000o\000g\000r\000e\000s\000s\000*\000*\000*\000\040}{}% 33
